#-----------------------------------------------------------
# Vivado v2016.4 (64-bit)
# SW Build 1756540 on Mon Jan 23 19:11:23 MST 2017
# IP Build 1755317 on Mon Jan 23 20:30:07 MST 2017
# Start of session at: Wed Mar 30 12:36:20 2022
# Process ID: 13276
# Current directory: C:/Users/User/Desktop/Laborator AC/Lab 7/project_1
# Command line: vivado.exe -gui_launcher_event rodinguilauncherevent16560 C:\Users\User\Desktop\Laborator AC\Lab 7\project_1\project_1.xpr
# Log file: C:/Users/User/Desktop/Laborator AC/Lab 7/project_1/vivado.log
# Journal file: C:/Users/User/Desktop/Laborator AC/Lab 7/project_1\vivado.jou
#-----------------------------------------------------------
start_gui
open_project {C:/Users/User/Desktop/Laborator AC/Lab 7/project_1/project_1.xpr}
INFO: [Project 1-313] Project file moved from 'D:/Faculta/ANUL 2/Sem2/AC/Lab 7/project_1' since last save.
Scanning sources...
Finished scanning sources
INFO: [IP_Flow 19-234] Refreshing IP repositories
INFO: [IP_Flow 19-1704] No user IP repositories specified
INFO: [IP_Flow 19-2313] Loaded Vivado IP repository 'C:/Xilinx/Vivado/2016.4/data/ip'.
open_bd_design {C:/Users/User/Desktop/Laborator AC/Lab 7/project_1/project_1.srcs/sources_1/bd/design_1/design_1.bd}
Successfully read diagram <design_1> from BD file <C:/Users/User/Desktop/Laborator AC/Lab 7/project_1/project_1.srcs/sources_1/bd/design_1/design_1.bd>
open_bd_design: Time (s): cpu = 00:00:06 ; elapsed = 00:00:06 . Memory (MB): peak = 803.906 ; gain = 0.000
launch_runs synth_1 -jobs 4
INFO: [HDL 9-1061] Parsing VHDL file "C:/Users/User/Desktop/Laborator AC/Lab 7/project_1/project_1.srcs/sources_1/new/test_env.vhd" into library xil_defaultlib [C:/Users/User/Desktop/Laborator AC/Lab 7/project_1/project_1.srcs/sources_1/new/test_env.vhd:1]
[Wed Mar 30 13:45:17 2022] Launched synth_1...
Run output will be captured here: C:/Users/User/Desktop/Laborator AC/Lab 7/project_1/project_1.runs/synth_1/runme.log
launch_runs impl_1 -jobs 4
[Wed Mar 30 13:46:02 2022] Launched impl_1...
Run output will be captured here: C:/Users/User/Desktop/Laborator AC/Lab 7/project_1/project_1.runs/impl_1/runme.log
exit
INFO: [Common 17-206] Exiting Vivado at Wed Mar 30 13:47:47 2022...
